<?xml version="1.0" encoding="UTF-8"?>
<!-- Generated by org.testng.reporters.JUnitReportReporter -->
<testsuite hostname="de-PC" failures="0" tests="1" name="com.testcases.HomePageTC" time="0.063" errors="0" timestamp="2020-06-02T19:19:02 IST" skipped="0">
  <testcase classname="com.testcases.HomePageTC" name="checkTitleHomePage" time="0.063"/>
  <system-out/>
</testsuite> <!-- com.testcases.HomePageTC -->
