<?xml version="1.0" encoding="UTF-8"?>
<!-- Generated by org.testng.reporters.JUnitReportReporter -->
<testsuite hostname="de-PC" failures="0" tests="1" name="com.testcases.CheckoutPageTC" time="14.962" errors="0" timestamp="2020-06-02T21:06:08 IST" skipped="0">
  <testcase classname="com.testcases.CheckoutPageTC" name="CkeckTitleandNavtoCart" time="14.962"/>
  <system-out/>
</testsuite> <!-- com.testcases.CheckoutPageTC -->
